<?xml version="1.0" encoding="UTF-8"?>
<!-- Generated by org.testng.reporters.JUnitXMLReporter -->
<testsuite ignored="6" hostname="DESKTOP-CTNIRRU" failures="0" tests="14" name="Test" time="64.615" errors="0" timestamp="2025-01-04T07:53:53 IST">
  <testcase classname="testNGbasics.Admin" name="headingTest" time="0.465"/>
  <testcase classname="testNGbasics.Admin" name="headingTest" time="0.083"/>
  <testcase classname="testNGbasics.Admin" name="headingTest" time="0.114"/>
  <testcase classname="testNGbasics.Admin" name="headingTest" time="0.173"/>
  <testcase classname="testNGbasics.Admin" name="headingTest" time="0.109"/>
  <testcase classname="testNGbasics.Admin" name="getData" time="0.467"/>
  <testcase classname="testNGbasics.ABC" name="hello" time="0.002"/>
  <testcase classname="testNGbasics.DashBoardTest" name="getData" time="1.504"/>
  <testcase classname="testNGbasics.DashBoardTest" name="headingTest" time="5.109"/>
  <testcase classname="testNGbasics.TestNGLearn" name="testLearn" time="0.015"/>
  <testcase classname="testNGbasics.TestNGLearn" name="testLearn1" time="0.105"/>
  <testcase classname="testNGbasics.TestNGLearn" name="testLearn2" time="10.59"/>
  <testcase classname="testNGbasics.Leave" name="getData" time="1.778"/>
  <testcase classname="testNGbasics.Leave" name="headingTest" time="5.098"/>
  <testcase classname="testNGbasics.OrangeHRMLogin" name="@BeforeSuite suitSetUP" time="0.0">
    <ignored/>
  </testcase> <!-- @BeforeSuite suitSetUP -->
  <testcase classname="testNGbasics.OrangeHRMLogin" name="@AfterSuite tearDown" time="0.0">
    <ignored/>
  </testcase> <!-- @AfterSuite tearDown -->
  <testcase classname="testNGbasics.OrangeHRMLogin" name="@AfterSuite tearDown" time="0.0">
    <ignored/>
  </testcase> <!-- @AfterSuite tearDown -->
  <testcase classname="testNGbasics.OrangeHRMLogin" name="@AfterSuite tearDown" time="0.0">
    <ignored/>
  </testcase> <!-- @AfterSuite tearDown -->
  <testcase classname="testNGbasics.OrangeHRMLogin" name="@BeforeSuite suitSetUP" time="0.0">
    <ignored/>
  </testcase> <!-- @BeforeSuite suitSetUP -->
  <testcase classname="testNGbasics.OrangeHRMLogin" name="@BeforeSuite suitSetUP" time="0.0">
    <ignored/>
  </testcase> <!-- @BeforeSuite suitSetUP -->
</testsuite> <!-- Test -->
