<?xml version="1.0" encoding="UTF-8"?>
<testng-results ignored="0" total="1" passed="1" failed="0" skipped="0">
  <reporter-output>
  </reporter-output>
  <suite started-at="2025-01-21T10:32:22 IST" name="Default suite" finished-at="2025-01-21T10:32:25 IST" duration-ms="3671">
    <groups>
    </groups>
    <test started-at="2025-01-21T10:32:22 IST" name="Default test" finished-at="2025-01-21T10:32:25 IST" duration-ms="3671">
      <class name="re.RestAssuredLearn">
        <test-method signature="get_calls()[pri:0, instance:re.RestAssuredLearn@49dc7102]" started-at="2025-01-21T10:32:22 IST" name="get_calls" finished-at="2025-01-21T10:32:25 IST" duration-ms="3612" status="PASS">
          <reporter-output>
          </reporter-output>
        </test-method> <!-- get_calls -->
      </class> <!-- re.RestAssuredLearn -->
    </test> <!-- Default test -->
  </suite> <!-- Default suite -->
</testng-results>
